56.0 APEX_CODE,FINEST;APEX_PROFILING,INFO;CALLOUT,INFO;DB,INFO;NBA,INFO;SYSTEM,DEBUG;VALIDATION,INFO;VISUALFORCE,FINER;WAVE,INFO;WORKFLOW,INFO
07:56:06.5 (5445593)|USER_INFO|[EXTERNAL]|0050900000C5Whc|slignere@creative-shark-q0bhjj.com|(GMT+02:00) Central European Summer Time (Europe/Paris)|GMT+02:00
07:56:06.5 (5547155)|EXECUTION_STARTED
07:56:06.5 (5559267)|CODE_UNIT_STARTED|[EXTERNAL]|01p0900000TYJsE|AccountServiceTest.testUpdateAllCAWithOrders()
07:56:06.5 (5890441)|HEAP_ALLOCATE|[79]|Bytes:3
07:56:06.5 (6027493)|HEAP_ALLOCATE|[84]|Bytes:152
07:56:06.5 (6047571)|HEAP_ALLOCATE|[399]|Bytes:408
07:56:06.5 (6069758)|HEAP_ALLOCATE|[412]|Bytes:408
07:56:06.5 (6087956)|HEAP_ALLOCATE|[520]|Bytes:48
07:56:06.5 (6121411)|HEAP_ALLOCATE|[139]|Bytes:6
07:56:06.5 (6136963)|HEAP_ALLOCATE|[EXTERNAL]|Bytes:85
07:56:06.5 (6199967)|METHOD_ENTRY|[2]|01p0900000TYJsE|AccountServiceTest.AccountServiceTest()
07:56:06.5 (6213064)|STATEMENT_EXECUTE|[2]
07:56:06.5 (6217953)|STATEMENT_EXECUTE|[2]
07:56:06.5 (6240837)|METHOD_EXIT|[2]|AccountServiceTest
07:56:06.5 (6281471)|HEAP_ALLOCATE|[52]|Bytes:5
07:56:06.5 (6312409)|HEAP_ALLOCATE|[58]|Bytes:5
07:56:06.5 (6321019)|HEAP_ALLOCATE|[66]|Bytes:7
07:56:06.5 (6367759)|STATEMENT_EXECUTE|[4]
07:56:06.5 (6370126)|STATEMENT_EXECUTE|[5]
07:56:06.5 (8407863)|HEAP_ALLOCATE|[5]|Bytes:7
07:56:06.5 (8465734)|METHOD_ENTRY|[1]|01p0900000TYT0V|TestDataFactory.TestDataFactory()
07:56:06.5 (8472985)|STATEMENT_EXECUTE|[1]
07:56:06.5 (8478214)|STATEMENT_EXECUTE|[1]
07:56:06.5 (8486768)|METHOD_EXIT|[1]|TestDataFactory
07:56:06.5 (8526334)|METHOD_ENTRY|[5]|01p0900000TYT0V|TestDataFactory.createAccounts(Integer)
07:56:06.5 (8680138)|VARIABLE_SCOPE_BEGIN|[3]|numAccounts|Integer|false|false
07:56:06.5 (8785863)|VARIABLE_ASSIGNMENT|[3]|numAccounts|2
07:56:06.5 (8804209)|STATEMENT_EXECUTE|[3]
07:56:06.5 (8806180)|STATEMENT_EXECUTE|[4]
07:56:06.5 (8819004)|HEAP_ALLOCATE|[4]|Bytes:4
07:56:06.5 (8943048)|VARIABLE_SCOPE_BEGIN|[4]|accountsToCreate|List<Account>|true|false
07:56:06.5 (8955999)|HEAP_ALLOCATE|[EXTERNAL]|Bytes:4
07:56:06.5 (8974830)|VARIABLE_ASSIGNMENT|[4]|accountsToCreate|[]|0x596a9a17
07:56:06.5 (8981800)|STATEMENT_EXECUTE|[5]
07:56:06.5 (8986237)|VARIABLE_SCOPE_BEGIN|[5]|i|Integer|false|false
07:56:06.5 (8994003)|HEAP_ALLOCATE|[5]|Bytes:4
07:56:06.5 (9001081)|VARIABLE_ASSIGNMENT|[5]|i|0
07:56:06.5 (9011216)|STATEMENT_EXECUTE|[5]
07:56:06.5 (9013178)|STATEMENT_EXECUTE|[6]
07:56:06.5 (9066992)|HEAP_ALLOCATE|[6]|Bytes:4
07:56:06.5 (9141302)|HEAP_ALLOCATE|[6]|Bytes:13
07:56:06.5 (9213159)|HEAP_ALLOCATE|[6]|Bytes:1
07:56:06.5 (9237122)|HEAP_ALLOCATE|[6]|Bytes:14
07:56:06.5 (9309729)|VARIABLE_ASSIGNMENT|[6]|this.Name|"Test Account 0"|0x16faa8dd
07:56:06.5 (9351348)|HEAP_ALLOCATE|[EXTERNAL]|Bytes:4
07:56:06.5 (9360260)|HEAP_ALLOCATE|[5]|Bytes:4
07:56:06.5 (9368924)|VARIABLE_ASSIGNMENT|[5]|i|1
07:56:06.5 (9376397)|STATEMENT_EXECUTE|[5]
07:56:06.5 (9378936)|STATEMENT_EXECUTE|[6]
07:56:06.5 (9389297)|HEAP_ALLOCATE|[6]|Bytes:4
07:56:06.5 (9404141)|HEAP_ALLOCATE|[6]|Bytes:1
07:56:06.5 (9414261)|HEAP_ALLOCATE|[6]|Bytes:14
07:56:06.5 (9435583)|VARIABLE_ASSIGNMENT|[6]|this.Name|"Test Account 1"|0x3e63f387
07:56:06.5 (9448339)|HEAP_ALLOCATE|[EXTERNAL]|Bytes:4
07:56:06.5 (9454812)|HEAP_ALLOCATE|[5]|Bytes:4
07:56:06.5 (9461193)|VARIABLE_ASSIGNMENT|[5]|i|2
07:56:06.5 (9466930)|STATEMENT_EXECUTE|[8]
07:56:06.5 (9525095)|DML_BEGIN|[8]|Op:Insert|Type:Account|Rows:2
07:56:06.5 (9576445)|HEAP_ALLOCATE|[EXTERNAL]|Bytes:12
07:56:06.5 (66369818)|DML_END|[8]
07:56:06.5 (66438991)|HEAP_ALLOCATE|[EXTERNAL]|Bytes:12
07:56:06.5 (66490960)|STATEMENT_EXECUTE|[9]
07:56:06.5 (66503127)|METHOD_EXIT|[5]|01p0900000TYT0V|TestDataFactory.createAccounts(Integer)
07:56:06.5 (66518810)|VARIABLE_SCOPE_BEGIN|[5]|accountList|List<Account>|true|false
07:56:06.5 (66571553)|VARIABLE_ASSIGNMENT|[5]|accountList|[{"Name":"Test Account 0","Id":"00109000022ZuZ6AAK"},{"Name":"Test Account 1","Id":"00109000022ZuZ7AAK"}]|0x596a9a17
07:56:06.5 (66577441)|STATEMENT_EXECUTE|[6]
07:56:06.5 (66604966)|METHOD_ENTRY|[6]|01p0900000TYT0V|TestDataFactory.createOrdersForAccounts(List<Account>, Integer, Integer, Integer)
07:56:06.5 (66694435)|VARIABLE_SCOPE_BEGIN|[12]|accounts|List<Account>|true|false
07:56:06.5 (66714659)|VARIABLE_ASSIGNMENT|[12]|accounts|[{"Name":"Test Account 0","Id":"00109000022ZuZ6AAK"},{"Name":"Test Account 1","Id":"00109000022ZuZ7AAK"}]|0x596a9a17
07:56:06.5 (66733580)|VARIABLE_SCOPE_BEGIN|[12]|numOrders|Integer|false|false
07:56:06.5 (66743629)|VARIABLE_ASSIGNMENT|[12]|numOrders|2
07:56:06.5 (66748243)|VARIABLE_SCOPE_BEGIN|[12]|unitPrice|Integer|false|false
07:56:06.5 (66755632)|VARIABLE_ASSIGNMENT|[12]|unitPrice|10
07:56:06.5 (66759719)|VARIABLE_SCOPE_BEGIN|[12]|quantity|Integer|false|false
07:56:06.5 (66766622)|VARIABLE_ASSIGNMENT|[12]|quantity|1
07:56:06.5 (66782595)|STATEMENT_EXECUTE|[12]
07:56:06.5 (66784458)|STATEMENT_EXECUTE|[13]
07:56:06.5 (66794670)|HEAP_ALLOCATE|[13]|Bytes:4
07:56:06.5 (66877383)|VARIABLE_SCOPE_BEGIN|[13]|ordersToCreate|List<Order>|true|false
07:56:06.5 (66887263)|HEAP_ALLOCATE|[EXTERNAL]|Bytes:4
07:56:06.5 (66894593)|VARIABLE_ASSIGNMENT|[13]|ordersToCreate|[]|0x518fe44a
07:56:06.5 (66900203)|STATEMENT_EXECUTE|[14]
07:56:06.5 (66961413)|HEAP_ALLOCATE|[14]|Bytes:4
07:56:06.5 (66997722)|VARIABLE_SCOPE_BEGIN|[14]|orderItemsToCreate|List<OrderItem>|true|false
07:56:06.5 (67006603)|HEAP_ALLOCATE|[EXTERNAL]|Bytes:4
07:56:06.5 (67015730)|VARIABLE_ASSIGNMENT|[14]|orderItemsToCreate|[]|0x7532f468
07:56:06.5 (67021205)|STATEMENT_EXECUTE|[15]
07:56:06.5 (67025616)|HEAP_ALLOCATE|[15]|Bytes:57
07:56:06.5 (67039280)|HEAP_ALLOCATE|[15]|Bytes:4
07:56:06.5 (67774489)|SOQL_EXECUTE_BEGIN|[15]|Aggregations:0|SELECT Id FROM Pricebook2 WHERE IsStandard = TRUE LIMIT 1
07:56:06.5 (70085830)|SOQL_EXECUTE_END|[15]|Rows:0
07:56:06.5 (70119022)|HEAP_ALLOCATE|[15]|Bytes:4
07:56:06.5 (70146326)|HEAP_ALLOCATE|[15]|Bytes:0
07:56:06.5 (70211535)|HEAP_ALLOCATE|[15]|Bytes:4
07:56:06.5 (70228895)|HEAP_ALLOCATE|[15]|Bytes:36
07:56:06.5 (70330663)|HEAP_ALLOCATE|[15]|Bytes:46
07:56:06.5 (70349627)|METHOD_EXIT|[6]|01p0900000TYT0V|TestDataFactory.createOrdersForAccounts(List<Account>, Integer, Integer, Integer)
07:56:06.5 (70484337)|FATAL_ERROR|System.QueryException: List has no rows for assignment to SObject

Class.TestDataFactory.createOrdersForAccounts: line 15, column 1
Class.AccountServiceTest.testUpdateAllCAWithOrders: line 6, column 1
07:56:06.5 (70499545)|FATAL_ERROR|System.QueryException: List has no rows for assignment to SObject

Class.TestDataFactory.createOrdersForAccounts: line 15, column 1
Class.AccountServiceTest.testUpdateAllCAWithOrders: line 6, column 1
07:56:06.70 (70517188)|CUMULATIVE_LIMIT_USAGE
07:56:06.70 (70517188)|LIMIT_USAGE_FOR_NS|(default)|
  Number of SOQL queries: 1 out of 100
  Number of query rows: 0 out of 50000
  Number of SOSL queries: 0 out of 20
  Number of DML statements: 1 out of 150
  Number of Publish Immediate DML: 0 out of 150
  Number of DML rows: 2 out of 10000
  Maximum CPU time: 0 out of 10000
  Maximum heap size: 0 out of 6000000
  Number of callouts: 0 out of 100
  Number of Email Invocations: 0 out of 10
  Number of future calls: 0 out of 50
  Number of queueable jobs added to the queue: 0 out of 50
  Number of Mobile Apex push calls: 0 out of 10

07:56:06.70 (70517188)|CUMULATIVE_LIMIT_USAGE_END

07:56:06.5 (70601735)|CODE_UNIT_FINISHED|AccountServiceTest.testUpdateAllCAWithOrders()
07:56:06.5 (70610079)|EXECUTION_FINISHED
